do run
loading script "felix_analysis400_120_no_save_center.py"
loading script "felix_pump_ms.py"
loading script "felix_furnace.py"
loading script "felix_pump_extraction_line.py"
testing...
no interpolation path defined
executed snippet estimated_duration=559.2304, duration=0.000237941741943
script duration name:analysis400_120_no_save_center seconds:559.0
loading script "felix_analysis400_120_no_save_center.py"
loading script "felix_pump_ms.py"
loading script "felix_furnace.py"
loading script "felix_pump_extraction_line.py"
testing...
no interpolation path defined
executed snippet estimated_duration=0, duration=2.40802764893e-05
loading script "felix_analysis400_120_no_save_center.py"
loading script "felix_pump_ms.py"
loading script "felix_furnace.py"
loading script "felix_pump_extraction_line.py"
testing...
no interpolation path defined
executed snippet estimated_duration=184.0, duration=0.00036096572876
script duration name:furnace seconds:184.0
loading script "felix_analysis400_120_no_save_center.py"
loading script "felix_pump_ms.py"
loading script "felix_furnace.py"
loading script "felix_pump_extraction_line.py"
testing...
no interpolation path defined
calculate duration
testing...
no interpolation path defined
executed snippet estimated_duration=4.0, duration=0.000197887420654
executed snippet estimated_duration=4.0, duration=0.00131416320801
Script duration 743.0
Run total estimated duration= 744.000
run duration: 0:12:24
doing event level: 2
08:30:01 -- Setting default integration. t=1.048576
setting integration time = 1.048576
SetIntegrationTime 1.048576 ===>> OK
----------------- start -----------------
**************** Experiment Type: Ar/Ar, Ar/Ar
close session 4744077392
$$$$$ Clearing conditionals
adding conditionals 
Add queue conditionals
add default conditionals
adding default conditionals from /Users/obama/PychronDev/setupfiles/spectrometer/default_conditionals.yaml
Start automated run 65834-01F
loading script "felix_analysis400_120_no_save_center.py"
loading script "felix_pump_ms.py"
loading script "felix_furnace.py"
loading script "felix_pump_extraction_line.py"
%%%%%%%%%%%%%%%%%% setting automated run 65834-01F
No value "sensitivity_multiplier" in metadata
$$$$$$$$$$$$$$$ auto_save_detector_ic=False
============================= Pre Extraction Check =============================
loading queue conditionals pre_run_terminations
loading system conditionals pre_run_terminations
loading conditionals from /Users/obama/PychronDev/setupfiles/spectrometer/default_conditionals.yaml
08:30:02 -- ******* Pre Extraction Check *******
Get a measurement from the spectrometer
Pre Extraction Termination data. keys=L2(CDD),H2,H1,AX,L1,L2, signals=0.27931,442.83652,16.38579,0.13674,-0.63433,-0.13568
08:30:02 -- testing system defined conditionals
Checking default pre extraction terminations n=2
testing L2_CDD_
evaluate ot="L2(CDD).inactive" t="L2_CDD_", ctx="{'L2_CDD_': False}"
GetDeflection L2 (CDD) ===>> 0
testing L2_CDD_==3250
evaluate ot="L2(CDD).deflection==3250" t="L2_CDD_==3250", ctx="{'L2_CDD_': 0.0}"
08:30:02 -- ******* Pre Extraction Check Passed *******
=================================================================================
08:30:02 -- stopping status monitor
stop 4717258128
Status monitor stopped
Status monitor finished
08:30:06 -- starting status monitor
start 4717258128
StatusMonitor period=3. Frequencies(state=1, checksum=3, lock=5, owner=5)
start extraction
do extraction
Analysis started at 08:30:11.118192
Extraction Started felix_furnace.py
08:30:11 -- ******* Extraction Started felix_furnace.py *******
state changed from not run to extraction
DO EXTRACTION <pychron.extraction_line.pyscript_runner.RemotePyScriptRunner object at 0x11ddfaa10>
testing...
no interpolation path defined
executed snippet estimated_duration=1566.0, duration=0.00047492980957
start_response_recorder () {}
start response recorder
Felix unknown furnace analysis
close ('F',) {}
close name=F desc=---
checking ownership. requestor=129.138.12.137
check software interlocks F
interlocks []
actuate state mode=None-script, software_lock=True
VALVE-F(CO2 Laser to Bone) software locked
change switch state (True, False)
-------------------------- close F () result=[(True, False)]
action=close, ok=True, locked=[True]
open ('D',) {}
open name=D desc=---
checking ownership. requestor=129.138.12.137
check software interlocks D
interlocks []
actuate state mode=None-script, software_lock=False
doing actuation None-script open_channel False
GetPercentOutput ===>> 5.3
GetSetpoint ===>> 400.0
Open D ===>> OK
GetProcessValue ===>> 400.0
response t=0.000913858413696, out=5.3, setpoint=400.0, response=400.0
GetIndicatorState D ===>> OK
change switch state (True, True)
08:30:11 -- OPEN   VALVE-D (Bone to CO2 Laser)
-------------------------- open D () result=[(True, True)]
action=open, ok=True, locked=[False]
close ('J',) {}
close name=J desc=---
checking ownership. requestor=129.138.12.137
check software interlocks J
interlocks []
actuate state mode=None-script, software_lock=False
doing actuation None-script close_channel False
Close J ===>> OK
GetIndicatorState J ===>> False
change switch state (True, True)
08:30:11 -- CLOSE  VALVE-J (Bone to APIS)
-------------------------- close J () result=[(True, True)]
action=close, ok=True, locked=[False]
close ('FC',) {}
close name=FC desc=---
checking ownership. requestor=129.138.12.137
check software interlocks FC
interlocks []
actuate state mode=None-script, software_lock=False
doing actuation None-script close_channel True
GetPercentOutput ===>> 5.3
GetSetpoint ===>> 400.0
Close FC ===>> OK
GetProcessValue ===>> 400.0
response t=2.0022919178, out=5.3, setpoint=400.0, response=400.0
GetIndicatorState FC ===>> False
change switch state (True, True)
08:30:13 -- CLOSE  VALVE-FC (Furnace Turbo)
-------------------------- close FC () result=[(True, True)]
action=close, ok=True, locked=[False]
open ('FH',) {}
open name=FH desc=---
checking ownership. requestor=129.138.12.137
check software interlocks FH
interlocks []
actuate state mode=None-script, software_lock=False
doing actuation None-script open_channel False
Open FH ===>> OK
GetIndicatorState FH ===>> OK
change switch state (True, True)
08:30:14 -- OPEN   VALVE-FH (Furnace Isolation)
-------------------------- open FH () result=[(True, True)]
action=open, ok=True, locked=[False]
Furnace enabled. Heating sample.
enable () {}
set extraction state NMGRLFurnace Enabled (False, 'red', 1.5)
could not find manager name="NMGRLFurnace" func="enable_device"
set_pid_parameters (745.0,) {}
setting pid parameters for 745.0
The 'BaseEurotherm' class does not implement the 'read_setpoint' method of the 'IFurnaceController' interface.
{"pid": "HO,23;XP,250;TI,60;TD,10", "command": "SetPID"} ===>> OK
BEGIN INTERVAL Interval 1 waiting for 1320.0
block started
set extract to 745.0 (watts)
WaitControl setup for 1320.0  
extract () {}
set extraction state NMGRLFurnace ON! 745.0(watts) (0.75, 'red', 1.5)
extract sample to 745.0 (watts)
extract
set setpoint to 745.0
set setpoint=745.0
setting pid parameters for 745.0
GetPercentOutput ===>> 5.2
{"pid": "HO,23;XP,250;TI,60;TD,10", "command": "SetPID"} ===>> OK
GetSetpoint ===>> 400.0
{"setpoint": 745.0, "command": "SetSetpoint"} ===>> OK
sleep (2,) {}
SLEEP 2.0
block started
WaitControl setup for 2.0  
GetProcessValue ===>> 400.0
response t=4.00695896149, out=5.2, setpoint=400.0, response=400.0
GetPercentOutput ===>> 7.5
GetSetpoint ===>> 745.0
GetProcessValue ===>> 400.0
response t=6.00680780411, out=7.5, setpoint=745.0, response=400.0
Join finished
block finished. duration 2.01600813866
COMPLETE INTERVAL waiting for Interval 1 to complete
GetPercentOutput ===>> 10.0
GetSetpoint ===>> 745.0
GetProcessValue ===>> 400.0
response t=8.00845980644, out=10.0, setpoint=745.0, response=400.0
Join finished
continuing script after 5.618 s
block finished. duration 5.6183950901
Interval 1 finished
GetPercentOutput ===>> 13.0
extract (400,) {}
set extraction state NMGRLFurnace ON! 400(watts) (0.75, 'red', 1.5)
extract sample to 400 (watts)
extract
set setpoint to 400
set setpoint=400.0
setting pid parameters for 400.0
GetSetpoint ===>> 745.0
{"pid": "HO,20;XP,400;TI,90;TD,10", "command": "SetPID"} ===>> OK
GetProcessValue ===>> 400.0
response t=10.0108108521, out=13.0, setpoint=745.0, response=400.0
{"setpoint": 400.0, "command": "SetSetpoint"} ===>> OK
Furnace disabled.
sleep (60,) {}
SLEEP 60.0
block started
WaitControl setup for 60.0  
GetPercentOutput ===>> 0.0
GetSetpoint ===>> 400.0
GetProcessValue ===>> 400.0
response t=12.0098388195, out=0, setpoint=400.0, response=400.0
GetPercentOutput ===>> 0.0
GetSetpoint ===>> 400.0
GetProcessValue ===>> 400.0
response t=14.0115349293, out=0, setpoint=400.0, response=400.0
GetPercentOutput ===>> 0.0
GetSetpoint ===>> 400.0
GetProcessValue ===>> 400.0
response t=16.0115869045, out=0, setpoint=400.0, response=400.0
Join finished
continuing script after 7.374 s
block finished. duration 7.37463903427
close ('B',) {}
close name=B desc=---
checking ownership. requestor=129.138.12.137
check software interlocks B
interlocks []
actuate state mode=None-script, software_lock=False
doing actuation None-script close_channel False
GetPercentOutput ===>> 0.0
GetSetpoint ===>> 400.0
Close B ===>> OK
GetProcessValue ===>> 400.0
response t=18.0139708519, out=0, setpoint=400.0, response=400.0
GetIndicatorState B ===>> False
change switch state (True, True)
08:30:29 -- CLOSE  VALVE-B (Bone to Diode Laser)
-------------------------- close B () result=[(True, True)]
action=close, ok=True, locked=[False]
close ('E',) {}
close name=E desc=---
checking ownership. requestor=129.138.12.137
check software interlocks E
interlocks []
actuate state mode=None-script, software_lock=False
doing actuation None-script close_channel False
Close E ===>> OK
GetIndicatorState E ===>> False
change switch state (True, True)
08:30:29 -- CLOSE  VALVE-E (Bone to Minibone)
-------------------------- close E () result=[(True, True)]
action=close, ok=True, locked=[False]
close ('C',) {}
close name=C desc=---
checking ownership. requestor=129.138.12.137
check software interlocks C
interlocks []
actuate state mode=None-script, software_lock=False
doing actuation None-script close_channel False
Close C ===>> OK
GetIndicatorState C ===>> False
change switch state (True, True)
08:30:30 -- CLOSE  VALVE-C (Bone to Turbo)
-------------------------- close C () result=[(True, True)]
action=close, ok=True, locked=[False]
sleep (2,) {}
SLEEP 2.0
block started
WaitControl setup for 2.0  
GetPercentOutput ===>> 0.0
GetSetpoint ===>> 400.0
GetProcessValue ===>> 400.0
response t=20.0165629387, out=0, setpoint=400.0, response=400.0
Join finished
block finished. duration 2.01391196251
open ('J',) {}
open name=J desc=---
checking ownership. requestor=129.138.12.137
check software interlocks J
interlocks []
actuate state mode=None-script, software_lock=False
doing actuation None-script open_channel True
Open J ===>> OK
GetIndicatorState J ===>> OK
change switch state (True, True)
08:30:32 -- OPEN   VALVE-J (Bone to APIS)
-------------------------- open J () result=[(True, True)]
action=open, ok=True, locked=[False]
sleep (30,) {}
SLEEP 30.0
block started
WaitControl setup for 30.0  
GetPercentOutput ===>> 0.0
GetSetpoint ===>> 400.0
GetProcessValue ===>> 400.0
response t=22.0204758644, out=0, setpoint=400.0, response=400.0
GetPercentOutput ===>> 0.0
GetSetpoint ===>> 400.0
GetProcessValue ===>> 400.0
response t=24.024066925, out=0, setpoint=400.0, response=400.0
GetPercentOutput ===>> 0.0
GetSetpoint ===>> 400.0
GetProcessValue ===>> 400.0
response t=26.0267059803, out=0, setpoint=400.0, response=400.0
Join finished
continuing script after 5.974 s
block finished. duration 5.97430682182
close ('J',) {}
close name=J desc=---
checking ownership. requestor=129.138.12.137
check software interlocks J
interlocks []
actuate state mode=None-script, software_lock=False
doing actuation None-script close_channel True
Close J ===>> OK
GetIndicatorState J ===>> False
change switch state (True, True)
08:30:39 -- CLOSE  VALVE-J (Bone to APIS)
-------------------------- close J () result=[(True, True)]
GetPercentOutput ===>> 0.0
GetSetpoint ===>> 400.0
action=close, ok=True, locked=[False]
open ('FC',) {}
open name=FC desc=---
checking ownership. requestor=129.138.12.137
check software interlocks FC
interlocks []
actuate state mode=None-script, software_lock=False
doing actuation None-script open_channel True
GetProcessValue ===>> 400.0
response t=28.0260298252, out=0, setpoint=400.0, response=400.0
Open FC ===>> OK
set states for children of FC. state=True
refresh_canvas_needed fired
GetIndicatorState FC ===>> OK
change switch state (True, True)
08:30:40 -- OPEN   VALVE-FC (Furnace Turbo)
-------------------------- open FC () result=[(True, True)]
action=open, ok=True, locked=[False]
sleep (30.0,) {}
SLEEP 30.0
block started
WaitControl setup for 30.0  
GetPercentOutput ===>> 0.0
GetSetpoint ===>> 400.0
GetProcessValue ===>> 400.0
response t=30.0274050236, out=0, setpoint=400.0, response=400.0
GetPercentOutput ===>> 0.0
GetSetpoint ===>> 400.0
GetProcessValue ===>> 400.0
response t=32.0276539326, out=0, setpoint=400.0, response=400.0
Join finished
continuing script after 3.722 s
block finished. duration 3.72282600403
stop_response_recorder () {}
stop response recorder
executed snippet estimated_duration=3013.5, duration=33.3413789272
felix_furnace.py completed successfully
get achieved output
Requested Output= 0.000
Achieved Output=  0.000
get response blob
get output blob
active pid =HO,20;XP,400;TI,90;TD,10
persistence save...
persistence save - db
AutomatedRunPersister post_extraction_save deprecated
persistence save - dvc
no extraction position for 5
not connected to db mysql://felixexp@129.138.12.160/labspy
using pymysql
4747271824 connecting to database mysql://felixexp@129.138.12.160/labspy
create new session 4747271824
testing database connection get_migrate_version
closing test session
close session 4747271824
connected to db mysql://felixexp@129.138.12.160/labspy
Enviromentals: {'lab_humiditys': [{'device': 'EnvironmentalMonitor',
                    'name': 'Lab Hum.',
                    'pub_date': '2017-09-19T08:29:52',
                    'title': 'iServer Hum.',
                    'value': 31.5}],
 'lab_pneumatics': [{'device': 'AirPressure',
                     'name': 'Pressure',
                     'pub_date': '2017-09-19T08:29:17',
                     'title': None,
                     'value': 101.025},
                    {'device': 'AirPressure2',
                     'name': 'Pressure2',
                     'pub_date': '2017-09-19T08:29:19',
                     'title': None,
                     'value': 102.66022}],
 'lab_temperatures': [{'device': 'EnvironmentalMonitor',
                       'name': 'Lab Temp.',
                       'pub_date': '2017-09-19T08:22:42',
                       'title': 'iServer Temp.',
                       'value': 70.8},
                      {'device': 'Chiller',
                       'name': 'Coolant Temp.',
                       'pub_date': '2017-09-19T07:47:20',
                       'title': None,
                       'value': 18.0}]}
Extraction Finished
08:30:47 -- ******* Extraction Finished *******
no overlap. not waiting for min ms pumptime
08:30:47 -- Sending spectrometer configuration
======== Sending configuration ========
SetZFocus 1.65 ===>> OK
SetHV 9900.0 ===>> OK
SetZSymmetry 3.35 ===>> OK
SetExtractionLens 63.57 ===>> OK
SetIonRepeller -5.15 ===>> OK
SetElectronEnergy 125.02 ===>> OK
SetYSymmetry 38.07 ===>> OK
send trap current 250.0
GetParameter Trap Current Readback ===>> 248.718732832815
SetParameter Trap Current Set,250.0 ===>> OK
updating mftable name argon
Using mftable located at /Users/obama/PychronDev/setupfiles/spectrometer/mftables/argon.csv
============ MFtable ===========
Isotope  H2     H1     AX     L1     L2     L2(CDD)
Ar40     3.7668 3.8420 3.9202 4.0016 4.1093 4.0948
Ar39     3.6925 3.7669 3.8432 3.9261 4.0286 4.0138
Ar36     3.4661 3.4186 3.6077 3.6835 3.7922 3.7667
================================
get initial guess parabolic
get initial guess parabolic
get initial guess parabolic
get initial guess parabolic
get initial guess parabolic
get initial guess parabolic
======== Configuration Finished ========
GetYSymmetry ===>> 38.07
GetZSymmetry ===>> 3.35
GetParameter Trap Current Readback ===>> 247.935542940853
GetHighVoltage ===>> 9900
start measurement
do measurement
L#=65834 analysis type=unknown
Measurement Started felix_analysis400_120_no_save_center.py
08:30:47 -- ******* Measurement Started felix_analysis400_120_no_save_center.py *******
state changed from extraction to measurement
setting trap, emission, spec, defl, and gains
GetExtractionLens ===>> 63.57
GetYSymmetry ===>> 38.07
GetZSymmetry ===>> 3.35
GetZFocus ===>> 1.65
GetDeflection H2 (CDD) ===>> 3250
GetDeflection H1 (CDD) ===>> 3250
GetDeflection AX (CDD) ===>> 3250
GetDeflection L1 (CDD) ===>> 3250
GetDeflection L2 (CDD) ===>> 0
GetGain H2 ===>> 0.9809305
GetGain H1 ===>> 0.9706
GetGain AX ===>> 0.96269
GetGain L1 ===>> 0.970094835296087
GetGain L2 ===>> 0.967359864778375
GetGain H2(CDD) ===>> 0
GetGain H1(CDD) ===>> 0
GetGain AX(CDD) ===>> 0
GetGain L1(CDD) ===>> 0
GetGain L2(CDD) ===>> 0
GetParameter Trap Current Readback ===>> 248.159311481414
GetParameter Source Current Readback ===>> 883.060916804004
pre measurement save
New frame /Users/obama/PychronDev/data/isotopes/a3/bdb5a6-bfe0-4a29-9d70-9cf798eb71e2.h5
flush and close file /Users/obama/PychronDev/data/isotopes/a3/bdb5a6-bfe0-4a29-9d70-9cf798eb71e2.h5
testing...
no interpolation path defined
executed snippet estimated_duration=590.4304, duration=0.000226020812988
unknown measurement script
activate_detectors ('H2', 'H1', 'AX', 'L1', 'L2(CDD)') {}
activate detectors
*************** Set Analysis View Ar/Ar
create graphs
clearing graphs
clear isotope group
setting isotope det=H2, iso=Ar40
setting isotope det=H1, iso=Ar39
setting isotope det=AX, iso=Ar38
setting isotope det=L1, iso=Ar37
setting isotope det=L2(CDD), iso=Ar36
setting previous blanks
 - setting Ar40 blank 8.692+/-0.022
 - setting Ar36 blank 0.0307+/-0.0004
 - setting Ar37 blank 0.014+/-0.011
 - setting Ar38 blank 0.036+/-0.012
 - setting Ar39 blank -0.028+/-0.023
load analysis view
position_magnet ('Ar40',) {'detector': 'H2'}
detector Detector(H2)
POSITION Ar40 H2
molweights={'Ar40': 39.9624, 'PM41': 41.0, 'Ar35': 35.0, 'Ar36': 35.9675, 'Ar37': 36.9668, 'Ar38': 37.9627, 'Ar39': 38.964, 'PM42': 42.0}
setting detector H2 to Ar40 (39.9624)
setting detector H1 to Ar39 (38.8624)
setting detector AX to Ar38 (37.9624)
setting detector L1 to Ar37 (36.9624)
setting detector L2 to Ar36 (35.8624)
setting detector H2(CDD) to Ar40 (39.8624)
setting detector H1(CDD) to Ar39 (38.8624)
setting detector AX(CDD) to Ar38 (37.8624)
setting detector L1(CDD) to Ar37 (36.8624)
setting detector L2(CDD) to Ar36 (35.9624)
Mapping mass to dac mass func: "parabolic"
H2 map mass coeffs = [ -2.56720193e-04   9.47812314e-02   3.89144975e-01]
H2 map mass to dac 39.9624 >> 3.76685
GetHighVoltage ===>> 9900
positioning Ar40 (3.76685) on H2
setting magnet DAC
current  : 3.766850
requested: 3.766850
Delta Dac: 0.000000
Checking detector protection. dv=0.00000
SetMagnetDAC 3.76685 ===>> OK
set_dac. change=False
equilibrate () {'delay': 3, 'inlet': 'H', 'outlet': 'V', 'eqtime': 30.0}
Equilibration Started
08:30:48 -- ******* Equilibration Started *******
checking ownership. requestor=129.138.12.137
check software interlocks V
interlocks []
actuate state mode=None-script, software_lock=True
VALVE-V(Felix Ion Pump) software locked
change switch state (True, False)
waiting 3s before opening inlet value ('H',)
update labels <pychron.experiment.plot_panel.PlotPanel object at 0x1159d3530>
update labels "<pychron.graph.stacked_regression_graph.StackedRegressionGraph object at 0x11f4e1bf0>"
setting label 0 H2 Ar40
setting label 1 H1 Ar39
setting label 2 AX Ar38
setting label 3 L1 Ar37
setting label 4 L2(CDD) Ar36
update labels "<pychron.graph.stacked_graph.StackedGraph object at 0x1159e6dd0>"
setting label 0 H2 Ar40
setting label 1 H1 Ar39
setting label 2 AX Ar38
setting label 3 L1 Ar37
setting label 4 L2(CDD) Ar36
checking ownership. requestor=129.138.12.137
check software interlocks H
interlocks []
actuate state mode=None-script, software_lock=True
VALVE-H(Felix Inlet) software locked
change switch state (True, False)
set_time_zero () {}
equilibrating for 30.0sec
sniff (30.0,) {}
py_sniff
build tables- sniff [Detector(H2), Detector(H1), Detector(AX), Detector(L1), Detector(L2(CDD))]
add group /sniff/Ar40 (Group) u'' table H2
add group /sniff/Ar39 (Group) u'' table H1
add group /sniff/Ar38 (Group) u'' table AX
add group /sniff/Ar37 (Group) u'' table L1
add group /sniff/Ar36 (Group) u'' table L2(CDD)
flush and close file /Users/obama/PychronDev/data/isotopes/a3/bdb5a6-bfe0-4a29-9d70-9cf798eb71e2.h5
measuring sniff. ncounts=30.0
"sniff" increment series count="1" fit count="0" regressing="False"
starting measurement
08:31:16 -- collecting point 25
Equilibration Finished
08:31:21 -- ******* Equilibration Finished *******
checking ownership. requestor=129.138.12.137
check software interlocks H
interlocks []
actuate state mode=None-script, software_lock=True
VALVE-H(Felix Inlet) software locked
change switch state (True, False)
Post Equilibration Started felix_pump_extraction_line.py
08:31:21 -- ******* Post Equilibration Started felix_pump_extraction_line.py *******
testing...
no interpolation path defined
calculate duration
testing...
no interpolation path defined
executed snippet estimated_duration=4.0, duration=0.000294923782349
executed snippet estimated_duration=4.0, duration=0.00199699401855
Pump after analysis
doing GOSUB
testing...
no interpolation path defined
executed snippet estimated_duration=4.0, duration=0.000316858291626
Pump Bone
close () {'description': 'Felix Inlet'}
close name=--- desc=Felix Inlet
checking ownership. requestor=129.138.12.137
check software interlocks H
interlocks []
actuate state mode=None-script, software_lock=True
VALVE-H(Felix Inlet) software locked
change switch state (True, False)
-------------------------- close None (Felix Inlet) result=[(True, False)]
action=close, ok=True, locked=[True]
is_closed ('A',) {}
is A () closed?
is closed False
close () {'description': 'CO2 Laser to Bone'}
close name=--- desc=CO2 Laser to Bone
checking ownership. requestor=129.138.12.137
check software interlocks F
interlocks []
actuate state mode=None-script, software_lock=True
VALVE-F(CO2 Laser to Bone) software locked
change switch state (True, False)
-------------------------- close None (CO2 Laser to Bone) result=[(True, False)]
action=close, ok=True, locked=[True]
sleep (1,) {}
SLEEP 1.0
close () {'description': 'CO2 Laser to Roughing'}
close name=--- desc=CO2 Laser to Roughing
checking ownership. requestor=129.138.12.137
check software interlocks G
interlocks []
actuate state mode=None-script, software_lock=True
VALVE-G(CO2 Laser to Roughing) software locked
change switch state (True, False)
-------------------------- close None (CO2 Laser to Roughing) result=[(True, False)]
action=close, ok=True, locked=[True]
open () {'description': 'Bone to Turbo'}
open name=--- desc=Bone to Turbo
checking ownership. requestor=129.138.12.137
check software interlocks C
interlocks []
actuate state mode=None-script, software_lock=False
doing actuation None-script open_channel True
Open C ===>> OK
GetIndicatorState C ===>> OK
change switch state (True, True)
08:31:22 -- OPEN   VALVE-C (Bone to Turbo)
-------------------------- open None (Bone to Turbo) result=[(True, True)]
action=open, ok=True, locked=[False]
open () {'description': 'Bone to Getter GP-50'}
open name=--- desc=Bone to Getter GP-50
checking ownership. requestor=129.138.12.137
check software interlocks N
interlocks []
actuate state mode=None-script, software_lock=False
doing actuation None-script open_channel False
Open N ===>> OK
GetIndicatorState N ===>> OK
change switch state (True, True)
08:31:22 -- OPEN   VALVE-N (Bone to Getter GP-50)
-------------------------- open None (Bone to Getter GP-50) result=[(True, True)]
action=open, ok=True, locked=[False]
open () {'description': 'Bone to Diode Laser'}
open name=--- desc=Bone to Diode Laser
checking ownership. requestor=129.138.12.137
check software interlocks B
interlocks []
actuate state mode=None-script, software_lock=False
doing actuation None-script open_channel True
waiting for write to finish
measurement finished
estimated time: 31.457 actual time: :31.647
flush and close file /Users/obama/PychronDev/data/isotopes/a3/bdb5a6-bfe0-4a29-9d70-9cf798eb71e2.h5
set_fits () {}
Open B ===>> OK
using default fits file=/Users/obama/PychronDev/scripts/measurement/fits/nominal.yaml
set "Ar40" to "('Parabolic', 'SEM')"
GetIndicatorState B ===>> OK
set "Ar36" to "('Parabolic', 'SEM')"
change switch state (True, True)
set "Ar37" to "('linear', 'SEM')"
set "Ar38" to "('linear', 'SEM')"
set "Ar39" to "('Parabolic', 'SEM')"
set_baseline_fits () {}
using default fits file=/Users/obama/PychronDev/scripts/measurement/fits/nominal.yaml
08:31:23 -- OPEN   VALVE-B (Bone to Diode Laser)
-------------------------- open None (Bone to Diode Laser) result=[(True, True)]
set "H2" to "('average', 'SEM')"
set "L2(CDD)" to "('average', 'SEM')"
set "L1" to "('average', 'SEM')"
set "AX" to "('average', 'SEM')"
set "H1" to "('average', 'SEM')"
multicollect () {'integration_time': 1.048576, 'ncounts': 400}
build tables- signal [Detector(H2), Detector(H1), Detector(AX), Detector(L1), Detector(L2(CDD))]
add group /signal/Ar40 (Group) u'' table H2
add group /signal/Ar39 (Group) u'' table H1
add group /signal/Ar38 (Group) u'' table AX
add group /signal/Ar37 (Group) u'' table L1
add group /signal/Ar36 (Group) u'' table L2(CDD)
flush and close file /Users/obama/PychronDev/data/isotopes/a3/bdb5a6-bfe0-4a29-9d70-9cf798eb71e2.h5
measuring signal. ncounts=400
"signal" increment series count="2" fit count="1" regressing="True"
action=open, ok=True, locked=[False]
open () {'description': 'Bone to CO2 Laser'}
open name=--- desc=Bone to CO2 Laser
checking ownership. requestor=129.138.12.137
check software interlocks D
interlocks []
actuate state mode=None-script, software_lock=False
doing actuation None-script open_channel False
Open D ===>> OK
GetIndicatorState D ===>> OK
change switch state (True, True)
08:31:23 -- OPEN   VALVE-D (Bone to CO2 Laser)
-------------------------- open None (Bone to CO2 Laser) result=[(True, True)]
starting measurement
action=open, ok=True, locked=[False]
sleep (1,) {}
SLEEP 1.0
set_resource () {'name': 'CO2PumpTimeFlag', 'value': 30}
Set CO2PumpTimeFlag 30 ===>> OK
release ('FelixCO2Flag',) {}
release FelixCO2Flag
Set FelixCO2Flag 0 ===>> OK
executed snippet estimated_duration=6.0, duration=3.81574392319
PumpBone.py completed successfully
gosub finished
get_resource_value () {'name': 'FelixMiniboneFlag'}
Read FelixMiniboneFlag ===>> 0
Get Resource Value FelixMiniboneFlag=0.0
executed snippet estimated_duration=4.0, duration=3.87218093872
felix_pump_extraction_line.py completed successfully
Post Equilibration Finished
08:31:25 -- ******* Post Equilibration Finished *******
GetDeflection L2 (CDD) ===>> 0
testing L2_CDD_==3250
evaluate ot="L2(CDD).deflection==3250" t="L2_CDD_==3250", ctx="{'L2_CDD_': 0.0}"
GetDeflection L2 (CDD) ===>> 0
testing L2_CDD_==3250
evaluate ot="L2(CDD).deflection==3250" t="L2_CDD_==3250", ctx="{'L2_CDD_': 0.0}"
08:31:49 -- collecting point 25
GetDeflection L2 (CDD) ===>> 0
testing L2_CDD_==3250
evaluate ot="L2(CDD).deflection==3250" t="L2_CDD_==3250", ctx="{'L2_CDD_': 0.0}"
GetDeflection L2 (CDD) ===>> 0
testing L2_CDD_==3250
evaluate ot="L2(CDD).deflection==3250" t="L2_CDD_==3250", ctx="{'L2_CDD_': 0.0}"
08:32:15 -- collecting point 50
GetDeflection L2 (CDD) ===>> 0
testing L2_CDD_==3250
evaluate ot="L2(CDD).deflection==3250" t="L2_CDD_==3250", ctx="{'L2_CDD_': 0.0}"
GetDeflection L2 (CDD) ===>> 0
testing L2_CDD_==3250
evaluate ot="L2(CDD).deflection==3250" t="L2_CDD_==3250", ctx="{'L2_CDD_': 0.0}"
GetDeflection L2 (CDD) ===>> 0
testing L2_CDD_==3250
evaluate ot="L2(CDD).deflection==3250" t="L2_CDD_==3250", ctx="{'L2_CDD_': 0.0}"
08:32:41 -- collecting point 75
GetDeflection L2 (CDD) ===>> 0
testing L2_CDD_==3250
evaluate ot="L2(CDD).deflection==3250" t="L2_CDD_==3250", ctx="{'L2_CDD_': 0.0}"
GetDeflection L2 (CDD) ===>> 0
testing L2_CDD_==3250
evaluate ot="L2(CDD).deflection==3250" t="L2_CDD_==3250", ctx="{'L2_CDD_': 0.0}"
08:33:08 -- collecting point 100
GetDeflection L2 (CDD) ===>> 0
testing L2_CDD_==3250
evaluate ot="L2(CDD).deflection==3250" t="L2_CDD_==3250", ctx="{'L2_CDD_': 0.0}"
GetDeflection L2 (CDD) ===>> 0
testing L2_CDD_==3250
evaluate ot="L2(CDD).deflection==3250" t="L2_CDD_==3250", ctx="{'L2_CDD_': 0.0}"
GetDeflection L2 (CDD) ===>> 0
testing L2_CDD_==3250
evaluate ot="L2(CDD).deflection==3250" t="L2_CDD_==3250", ctx="{'L2_CDD_': 0.0}"
08:33:34 -- collecting point 125
State checksums do not match. Local:-1050536482 Remote:1095702923
State checksum failed
refresh_lock_state fired. ('H', False)
refresh_lock_state fired. ('V', False)
refresh_canvas_needed fired
GetDeflection L2 (CDD) ===>> 0
testing L2_CDD_==3250
evaluate ot="L2(CDD).deflection==3250" t="L2_CDD_==3250", ctx="{'L2_CDD_': 0.0}"
GetDeflection L2 (CDD) ===>> 0
testing L2_CDD_==3250
evaluate ot="L2(CDD).deflection==3250" t="L2_CDD_==3250", ctx="{'L2_CDD_': 0.0}"
08:34:00 -- collecting point 150
GetDeflection L2 (CDD) ===>> 0
testing L2_CDD_==3250
evaluate ot="L2(CDD).deflection==3250" t="L2_CDD_==3250", ctx="{'L2_CDD_': 0.0}"
GetDeflection L2 (CDD) ===>> 0
testing L2_CDD_==3250
evaluate ot="L2(CDD).deflection==3250" t="L2_CDD_==3250", ctx="{'L2_CDD_': 0.0}"
GetDeflection L2 (CDD) ===>> 0
testing L2_CDD_==3250
evaluate ot="L2(CDD).deflection==3250" t="L2_CDD_==3250", ctx="{'L2_CDD_': 0.0}"
08:34:26 -- collecting point 175
GetDeflection L2 (CDD) ===>> 0
testing L2_CDD_==3250
evaluate ot="L2(CDD).deflection==3250" t="L2_CDD_==3250", ctx="{'L2_CDD_': 0.0}"
GetDeflection L2 (CDD) ===>> 0
testing L2_CDD_==3250
evaluate ot="L2(CDD).deflection==3250" t="L2_CDD_==3250", ctx="{'L2_CDD_': 0.0}"
08:34:53 -- collecting point 200
GetDeflection L2 (CDD) ===>> 0
testing L2_CDD_==3250
evaluate ot="L2(CDD).deflection==3250" t="L2_CDD_==3250", ctx="{'L2_CDD_': 0.0}"
GetDeflection L2 (CDD) ===>> 0
testing L2_CDD_==3250
evaluate ot="L2(CDD).deflection==3250" t="L2_CDD_==3250", ctx="{'L2_CDD_': 0.0}"
GetDeflection L2 (CDD) ===>> 0
testing L2_CDD_==3250
evaluate ot="L2(CDD).deflection==3250" t="L2_CDD_==3250", ctx="{'L2_CDD_': 0.0}"
08:35:19 -- collecting point 225
GetDeflection L2 (CDD) ===>> 0
testing L2_CDD_==3250
evaluate ot="L2(CDD).deflection==3250" t="L2_CDD_==3250", ctx="{'L2_CDD_': 0.0}"
GetDeflection L2 (CDD) ===>> 0
testing L2_CDD_==3250
evaluate ot="L2(CDD).deflection==3250" t="L2_CDD_==3250", ctx="{'L2_CDD_': 0.0}"
08:35:45 -- collecting point 250
GetDeflection L2 (CDD) ===>> 0
testing L2_CDD_==3250
evaluate ot="L2(CDD).deflection==3250" t="L2_CDD_==3250", ctx="{'L2_CDD_': 0.0}"
GetDeflection L2 (CDD) ===>> 0
testing L2_CDD_==3250
evaluate ot="L2(CDD).deflection==3250" t="L2_CDD_==3250", ctx="{'L2_CDD_': 0.0}"
GetDeflection L2 (CDD) ===>> 0
testing L2_CDD_==3250
evaluate ot="L2(CDD).deflection==3250" t="L2_CDD_==3250", ctx="{'L2_CDD_': 0.0}"
08:36:12 -- collecting point 275
GetDeflection L2 (CDD) ===>> 0
testing L2_CDD_==3250
evaluate ot="L2(CDD).deflection==3250" t="L2_CDD_==3250", ctx="{'L2_CDD_': 0.0}"
GetDeflection L2 (CDD) ===>> 0
testing L2_CDD_==3250
evaluate ot="L2(CDD).deflection==3250" t="L2_CDD_==3250", ctx="{'L2_CDD_': 0.0}"
08:36:38 -- collecting point 300
GetDeflection L2 (CDD) ===>> 0
testing L2_CDD_==3250
evaluate ot="L2(CDD).deflection==3250" t="L2_CDD_==3250", ctx="{'L2_CDD_': 0.0}"
GetDeflection L2 (CDD) ===>> 0
testing L2_CDD_==3250
evaluate ot="L2(CDD).deflection==3250" t="L2_CDD_==3250", ctx="{'L2_CDD_': 0.0}"
GetDeflection L2 (CDD) ===>> 0
testing L2_CDD_==3250
evaluate ot="L2(CDD).deflection==3250" t="L2_CDD_==3250", ctx="{'L2_CDD_': 0.0}"
08:37:04 -- collecting point 325
GetDeflection L2 (CDD) ===>> 0
testing L2_CDD_==3250
evaluate ot="L2(CDD).deflection==3250" t="L2_CDD_==3250", ctx="{'L2_CDD_': 0.0}"
GetDeflection L2 (CDD) ===>> 0
testing L2_CDD_==3250
evaluate ot="L2(CDD).deflection==3250" t="L2_CDD_==3250", ctx="{'L2_CDD_': 0.0}"
08:37:30 -- collecting point 350
GetDeflection L2 (CDD) ===>> 0
testing L2_CDD_==3250
evaluate ot="L2(CDD).deflection==3250" t="L2_CDD_==3250", ctx="{'L2_CDD_': 0.0}"
GetDeflection L2 (CDD) ===>> 0
testing L2_CDD_==3250
evaluate ot="L2(CDD).deflection==3250" t="L2_CDD_==3250", ctx="{'L2_CDD_': 0.0}"
GetDeflection L2 (CDD) ===>> 0
testing L2_CDD_==3250
evaluate ot="L2(CDD).deflection==3250" t="L2_CDD_==3250", ctx="{'L2_CDD_': 0.0}"
08:37:57 -- collecting point 375
GetDeflection L2 (CDD) ===>> 0
testing L2_CDD_==3250
evaluate ot="L2(CDD).deflection==3250" t="L2_CDD_==3250", ctx="{'L2_CDD_': 0.0}"
GetDeflection L2 (CDD) ===>> 0
testing L2_CDD_==3250
evaluate ot="L2(CDD).deflection==3250" t="L2_CDD_==3250", ctx="{'L2_CDD_': 0.0}"
08:38:23 -- collecting point 400
waiting for write to finish
measurement finished
estimated time: 419.430 actual time: :420.495
flush and close file /Users/obama/PychronDev/data/isotopes/a3/bdb5a6-bfe0-4a29-9d70-9cf798eb71e2.h5
baselines () {'settling_time': 15.0, 'detector': 'H2', 'mass': 39.862, 'ncounts': 120}
%%%%%%%%%%%%%%%%%%%%%%%%%%%%%%%% Baseline
build tables- baseline [Detector(H2), Detector(H1), Detector(AX), Detector(L1), Detector(L2(CDD))]
add group baseline table H2
add group baseline table H1
add group baseline table AX
add group baseline table L1
add group baseline table L2(CDD)
flush and close file /Users/obama/PychronDev/data/isotopes/a3/bdb5a6-bfe0-4a29-9d70-9cf798eb71e2.h5
detector Detector(H2)
POSITION 39.862 H2
Mapping mass to dac mass func: "parabolic"
H2 map mass coeffs = [ -2.56720193e-04   9.47812314e-02   3.89144975e-01]
H2 map mass to dac 39.862 >> 3.75939141492
GetHighVoltage ===>> 9900
positioning 39.862 (3.75939141492) on H2
setting magnet DAC
current  : 3.766850
requested: 3.759391
Delta Dac: 0.007459
Checking detector protection. dv=0.00746
SetMagnetDAC 3.75939141492 ===>> OK
Magnet settling time: 0.500 0.500
Magnet settling complete
set_dac. change=True
Delaying 15.0s for detectors to settle
Join finished
measuring baseline. ncounts=120
"baseline" increment series count="2" fit count="1" regressing="True"
starting measurement
GetDeflection L2 (CDD) ===>> 0
testing L2_CDD_==3250
evaluate ot="L2(CDD).deflection==3250" t="L2_CDD_==3250", ctx="{'L2_CDD_': 0.0}"
GetDeflection L2 (CDD) ===>> 0
testing L2_CDD_==3250
evaluate ot="L2(CDD).deflection==3250" t="L2_CDD_==3250", ctx="{'L2_CDD_': 0.0}"
08:39:05 -- collecting point 25
GetDeflection L2 (CDD) ===>> 0
testing L2_CDD_==3250
evaluate ot="L2(CDD).deflection==3250" t="L2_CDD_==3250", ctx="{'L2_CDD_': 0.0}"
GetDeflection L2 (CDD) ===>> 0
testing L2_CDD_==3250
evaluate ot="L2(CDD).deflection==3250" t="L2_CDD_==3250", ctx="{'L2_CDD_': 0.0}"
08:39:32 -- collecting point 50
GetDeflection L2 (CDD) ===>> 0
testing L2_CDD_==3250
evaluate ot="L2(CDD).deflection==3250" t="L2_CDD_==3250", ctx="{'L2_CDD_': 0.0}"
GetDeflection L2 (CDD) ===>> 0
testing L2_CDD_==3250
evaluate ot="L2(CDD).deflection==3250" t="L2_CDD_==3250", ctx="{'L2_CDD_': 0.0}"
GetDeflection L2 (CDD) ===>> 0
testing L2_CDD_==3250
evaluate ot="L2(CDD).deflection==3250" t="L2_CDD_==3250", ctx="{'L2_CDD_': 0.0}"
08:39:58 -- collecting point 75
GetDeflection L2 (CDD) ===>> 0
testing L2_CDD_==3250
evaluate ot="L2(CDD).deflection==3250" t="L2_CDD_==3250", ctx="{'L2_CDD_': 0.0}"
GetDeflection L2 (CDD) ===>> 0
testing L2_CDD_==3250
evaluate ot="L2(CDD).deflection==3250" t="L2_CDD_==3250", ctx="{'L2_CDD_': 0.0}"
08:40:24 -- collecting point 100
GetDeflection L2 (CDD) ===>> 0
testing L2_CDD_==3250
evaluate ot="L2(CDD).deflection==3250" t="L2_CDD_==3250", ctx="{'L2_CDD_': 0.0}"
GetDeflection L2 (CDD) ===>> 0
testing L2_CDD_==3250
evaluate ot="L2(CDD).deflection==3250" t="L2_CDD_==3250", ctx="{'L2_CDD_': 0.0}"
waiting for write to finish
measurement finished
estimated time: 125.829 actual time: :126.187
flush and close file /Users/obama/PychronDev/data/isotopes/a3/bdb5a6-bfe0-4a29-9d70-9cf798eb71e2.h5
activate_detectors ('H1', 'L2(CDD)') {'peak_center': True}
peak_center () {'detector': 'H2', 'save': False, 'integration_time': 1.048576, 'isotope': 'Ar40'}
peak center: mean=417.558002359 threshold=1.0
peak center started
setup peak center. detector=['H2', 'H1', 'L2(CDD)'], isotope=Ar40
VersionedUnpickler [<apptools.sweet_pickle.versioned_unpickler.VersionedUnpickler object at 0x1254f0590>] using Updater [<apptools.sweet_pickle.updater.Updater object at 0x12540d350>]
VersionedUnpickler [<apptools.sweet_pickle.versioned_unpickler.VersionedUnpickler object at 0x1254f0590>] using Updater [<apptools.sweet_pickle.updater.Updater object at 0x12540d350>]
VersionedUnpickler [<apptools.sweet_pickle.versioned_unpickler.VersionedUnpickler object at 0x1254f0590>] using Updater [<apptools.sweet_pickle.updater.Updater object at 0x12540d350>]
setting integration time = 0.524288
SetIntegrationTime 0.524288 ===>> OK
Mapping mass to dac mass func: "parabolic"
H2 map mass coeffs = [ -2.56720193e-04   9.47812314e-02   3.89144975e-01]
H2 map mass to dac 39.9624 >> 3.76685
GetHighVoltage ===>> 9900
do peak center. <pychron.spectrometer.jobs.peak_center.PeakCenter object at 0x1254f0590>
doing pc
starting peak center. center dac= 3.76685 step_width=0.0001
width = 0.0001
get scan parameters. half-width=0.002,window=0.002, i=0, scalar=1
Scan parameters center=3.76685 width=0.00400 (3.76485 - 3.76885)
Moving to starting dac 3.76485
setting magnet DAC
current  : 3.759391
requested: 3.764850
Delta Dac: 0.005459
Checking detector protection. dv=0.00546
SetMagnetDAC 3.76485 ===>> OK
Magnet settling time: 0.500 0.500
Magnet settling complete
set_dac. change=True
Wait until signal near baseline. tol= 0.0819555153452. timeout= 10
Peak center failed to move to a baseline position
_do_sweep sm= 3.76485, em= 3.76885, stm= 0.0001
calculated step values: start=3.76485, end=3.76885, width=0.0001, nsteps=41.0
setting magnet DAC
current  : 3.764850
requested: 3.764850
Delta Dac: 0.000000
Checking detector protection. dv=0.00000
set_dac. change=False
setting magnet DAC
current  : 3.764850
requested: 3.764953
Delta Dac: 0.000103
Checking detector protection. dv=0.00010
Magnet settling time: 1.049 0.500
Magnet settling complete
set_dac. change=True
setting magnet DAC
current  : 3.764953
requested: 3.765055
Delta Dac: 0.000103
Checking detector protection. dv=0.00010
Magnet settling time: 1.049 0.500
Magnet settling complete
set_dac. change=True
setting magnet DAC
current  : 3.765055
requested: 3.765158
Delta Dac: 0.000103
Checking detector protection. dv=0.00010
Magnet settling time: 1.049 0.500
Magnet settling complete
set_dac. change=True
setting magnet DAC
current  : 3.765158
requested: 3.765260
Delta Dac: 0.000103
Checking detector protection. dv=0.00010
Magnet settling time: 1.049 0.500
Magnet settling complete
set_dac. change=True
setting magnet DAC
current  : 3.765260
requested: 3.765363
Delta Dac: 0.000103
Checking detector protection. dv=0.00010
Magnet settling time: 1.049 0.500
Magnet settling complete
set_dac. change=True
setting magnet DAC
current  : 3.765363
requested: 3.765465
Delta Dac: 0.000103
Checking detector protection. dv=0.00010
Magnet settling time: 1.049 0.500
Magnet settling complete
set_dac. change=True
setting magnet DAC
current  : 3.765465
requested: 3.765568
Delta Dac: 0.000103
Checking detector protection. dv=0.00010
Magnet settling time: 1.049 0.500
Magnet settling complete
set_dac. change=True
setting magnet DAC
current  : 3.765568
requested: 3.765671
Delta Dac: 0.000103
Checking detector protection. dv=0.00010
Magnet settling time: 1.049 0.500
Magnet settling complete
set_dac. change=True
setting magnet DAC
current  : 3.765671
requested: 3.765773
Delta Dac: 0.000103
Checking detector protection. dv=0.00010
Magnet settling time: 1.049 0.500
Magnet settling complete
set_dac. change=True
setting magnet DAC
current  : 3.765773
requested: 3.765876
Delta Dac: 0.000103
Checking detector protection. dv=0.00010
Magnet settling time: 1.049 0.500
Magnet settling complete
set_dac. change=True
setting magnet DAC
current  : 3.765876
requested: 3.765978
Delta Dac: 0.000103
Checking detector protection. dv=0.00010
Magnet settling time: 1.049 0.500
Magnet settling complete
set_dac. change=True
setting magnet DAC
current  : 3.765978
requested: 3.766081
Delta Dac: 0.000103
Checking detector protection. dv=0.00010
Magnet settling time: 1.049 0.500
Magnet settling complete
set_dac. change=True
setting magnet DAC
current  : 3.766081
requested: 3.766183
Delta Dac: 0.000103
Checking detector protection. dv=0.00010
Magnet settling time: 1.049 0.500
Magnet settling complete
set_dac. change=True
setting magnet DAC
current  : 3.766183
requested: 3.766286
Delta Dac: 0.000103
Checking detector protection. dv=0.00010
Magnet settling time: 1.049 0.500
Magnet settling complete
set_dac. change=True
setting magnet DAC
current  : 3.766286
requested: 3.766388
Delta Dac: 0.000103
Checking detector protection. dv=0.00010
Magnet settling time: 1.049 0.500
Magnet settling complete
set_dac. change=True
setting magnet DAC
current  : 3.766388
requested: 3.766491
Delta Dac: 0.000103
Checking detector protection. dv=0.00010
Magnet settling time: 1.049 0.500
Magnet settling complete
set_dac. change=True
setting magnet DAC
current  : 3.766491
requested: 3.766594
Delta Dac: 0.000103
Checking detector protection. dv=0.00010
Magnet settling time: 1.049 0.500
Magnet settling complete
set_dac. change=True
setting magnet DAC
current  : 3.766594
requested: 3.766696
Delta Dac: 0.000103
Checking detector protection. dv=0.00010
Magnet settling time: 1.049 0.500
Magnet settling complete
set_dac. change=True
setting magnet DAC
current  : 3.766696
requested: 3.766799
Delta Dac: 0.000103
Checking detector protection. dv=0.00010
Magnet settling time: 1.049 0.500
Magnet settling complete
set_dac. change=True
setting magnet DAC
current  : 3.766799
requested: 3.766901
Delta Dac: 0.000103
Checking detector protection. dv=0.00010
Magnet settling time: 1.049 0.500
Magnet settling complete
set_dac. change=True
setting magnet DAC
current  : 3.766901
requested: 3.767004
Delta Dac: 0.000103
Checking detector protection. dv=0.00010
Magnet settling time: 1.049 0.500
Magnet settling complete
set_dac. change=True
setting magnet DAC
current  : 3.767004
requested: 3.767106
Delta Dac: 0.000103
Checking detector protection. dv=0.00010
Magnet settling time: 1.049 0.500
Magnet settling complete
set_dac. change=True
setting magnet DAC
current  : 3.767106
requested: 3.767209
Delta Dac: 0.000103
Checking detector protection. dv=0.00010
Magnet settling time: 1.049 0.500
Magnet settling complete
set_dac. change=True
setting magnet DAC
current  : 3.767209
requested: 3.767312
Delta Dac: 0.000103
Checking detector protection. dv=0.00010
Magnet settling time: 1.049 0.500
Magnet settling complete
set_dac. change=True
setting magnet DAC
current  : 3.767312
requested: 3.767414
Delta Dac: 0.000103
Checking detector protection. dv=0.00010
Magnet settling time: 1.049 0.500
Magnet settling complete
set_dac. change=True
setting magnet DAC
current  : 3.767414
requested: 3.767517
Delta Dac: 0.000103
Checking detector protection. dv=0.00010
Magnet settling time: 1.049 0.500
Magnet settling complete
set_dac. change=True
setting magnet DAC
current  : 3.767517
requested: 3.767619
Delta Dac: 0.000103
Checking detector protection. dv=0.00010
Magnet settling time: 1.049 0.500
Magnet settling complete
set_dac. change=True
setting magnet DAC
current  : 3.767619
requested: 3.767722
Delta Dac: 0.000103
Checking detector protection. dv=0.00010
Magnet settling time: 1.049 0.500
Magnet settling complete
set_dac. change=True
setting magnet DAC
current  : 3.767722
requested: 3.767824
Delta Dac: 0.000103
Checking detector protection. dv=0.00010
Magnet settling time: 1.049 0.500
Magnet settling complete
set_dac. change=True
setting magnet DAC
current  : 3.767824
requested: 3.767927
Delta Dac: 0.000103
Checking detector protection. dv=0.00010
Magnet settling time: 1.049 0.500
Magnet settling complete
set_dac. change=True
setting magnet DAC
current  : 3.767927
requested: 3.768029
Delta Dac: 0.000103
Checking detector protection. dv=0.00010
Magnet settling time: 1.049 0.500
Magnet settling complete
set_dac. change=True
setting magnet DAC
current  : 3.768029
requested: 3.768132
Delta Dac: 0.000103
Checking detector protection. dv=0.00010
Magnet settling time: 1.049 0.500
Magnet settling complete
set_dac. change=True
setting magnet DAC
current  : 3.768132
requested: 3.768235
Delta Dac: 0.000103
Checking detector protection. dv=0.00010
Magnet settling time: 1.049 0.500
Magnet settling complete
set_dac. change=True
setting magnet DAC
current  : 3.768235
requested: 3.768337
Delta Dac: 0.000103
Checking detector protection. dv=0.00010
Magnet settling time: 1.049 0.500
Magnet settling complete
set_dac. change=True
setting magnet DAC
current  : 3.768337
requested: 3.768440
Delta Dac: 0.000103
Checking detector protection. dv=0.00010
Magnet settling time: 1.049 0.500
Magnet settling complete
set_dac. change=True
setting magnet DAC
current  : 3.768440
requested: 3.768542
Delta Dac: 0.000103
Checking detector protection. dv=0.00010
Magnet settling time: 1.049 0.500
Magnet settling complete
set_dac. change=True
setting magnet DAC
current  : 3.768542
requested: 3.768645
Delta Dac: 0.000103
Checking detector protection. dv=0.00010
Magnet settling time: 1.049 0.500
Magnet settling complete
set_dac. change=True
setting magnet DAC
current  : 3.768645
requested: 3.768747
Delta Dac: 0.000103
Checking detector protection. dv=0.00010
Magnet settling time: 1.049 0.500
Magnet settling complete
set_dac. change=True
setting magnet DAC
current  : 3.768747
requested: 3.768850
Delta Dac: 0.000103
Checking detector protection. dv=0.00010
Magnet settling time: 1.049 0.500
Magnet settling complete
set_dac. change=True
result of _do_sweep=True
result of _calculate_peak_center=([3.7657838677354709, 3.7669582164328657, 3.7681325651302604], [300.61825739784354, 408.35070817336305, 300.07101994532161], 3.7669021042084165, 408.35070817336305)
Failed to find a valid peak. No peak greater than 1.0. max = 0.283038709811
new center pos Detector(H2) (Ar40) @ 3.76695821643
GetHighVoltage ===>> 9900
dac uncorrected for HV and deflection 3.76695821643
setting integration time = 1.048576
SetIntegrationTime 1.048576 ===>> OK
Failed to find a valid peak. No peak greater than 1.0. max = 0.283038709811
flush and close file /Users/obama/PychronDev/data/isotopes/a3/bdb5a6-bfe0-4a29-9d70-9cf798eb71e2.h5
sweep finished
finished measure script
executed snippet estimated_duration=590.4304, duration=653.115746975
felix_analysis400_120_no_save_center.py completed successfully
Measurement Finished
08:41:40 -- ******* Measurement Finished *******
Post Measurement Started felix_pump_ms.py
08:41:40 -- ******* Post Measurement Started felix_pump_ms.py *******
testing...
no interpolation path defined
executed snippet estimated_duration=0, duration=4.50611114502e-05
Pumping spectrometer
open () {'name': 'V'}
open name=V desc=---
checking ownership. requestor=129.138.12.137
check software interlocks V
interlocks []
actuate state mode=None-script, software_lock=False
doing actuation None-script open_channel True
Open V ===>> OK
GetIndicatorState V ===>> OK
change switch state (True, True)
08:41:41 -- OPEN   VALVE-V (Felix Ion Pump)
-------------------------- open V () result=[(True, True)]
action=open, ok=True, locked=[False]
executed snippet estimated_duration=0, duration=0.3665599823
felix_pump_ms.py completed successfully
setting _ms_pumptime
Post Measurement Finished
08:41:41 -- ******* Post Measurement Finished *******
$$$$$$$$$$$$$$$$$$$$ state at run end measurement
state changed from measurement to success
post measurement save measured=True aborted=False
Set filtering
setting fod for Ar40= {'filter_outliers': True, 'std_devs': 2, 'iterations': 2}
setting fod for H2= {'filter_outliers': True, 'std_devs': 2, 'iterations': 1}
setting fod for Ar36= {'filter_outliers': True, 'std_devs': 2, 'iterations': 2}
setting fod for L2(CDD)= {'filter_outliers': True, 'std_devs': 2, 'iterations': 1}
setting fod for Ar37= {'filter_outliers': True, 'std_devs': 2, 'iterations': 2}
setting fod for L1= {'filter_outliers': True, 'std_devs': 2, 'iterations': 1}
setting fod for Ar38= {'filter_outliers': True, 'std_devs': 2, 'iterations': 2}
setting fod for AX= {'filter_outliers': True, 'std_devs': 2, 'iterations': 1}
setting fod for Ar39= {'filter_outliers': True, 'std_devs': 2, 'iterations': 2}
setting fod for H1= {'filter_outliers': True, 'std_devs': 2, 'iterations': 1}
not connected to db mysql://felixexp@129.138.12.160/labspy
Enviromentals: {'lab_humiditys': [{'device': 'EnvironmentalMonitor',
                    'name': 'Lab Hum.',
                    'pub_date': '2017-09-19T08:41:01',
                    'title': 'iServer Hum.',
                    'value': 32.9}],
 'lab_pneumatics': [{'device': 'AirPressure',
                     'name': 'Pressure',
                     'pub_date': '2017-09-19T08:41:19',
                     'title': None,
                     'value': 90.3},
                    {'device': 'AirPressure2',
                     'name': 'Pressure2',
                     'pub_date': '2017-09-19T08:41:21',
                     'title': None,
                     'value': 90.92746}],
 'lab_temperatures': [{'device': 'EnvironmentalMonitor',
                       'name': 'Lab Temp.',
                       'pub_date': '2017-09-19T08:22:42',
                       'title': 'iServer Temp.',
                       'value': 70.8},
                      {'device': 'Chiller',
                       'name': 'Coolant Temp.',
                       'pub_date': '2017-09-19T07:47:20',
                       'title': None,
                       'value': 18.0}]}
persistence save...
persistence save - db
post measurement save
4920420400 connecting to database sqlite://@/
connected to db sqlite://@/
create new session 4920420400
close session 4920420400
No database instance. Not saving post measurement to isotopedb database
$$$$$$$$$$$$$$$ auto_save_detector_ic=False
massspec enabled True
create new session 4758372912
MassSpec Database Version: 16.0
close session 4758372912
saving post measurement to secondary database
saving to massspec database 129.138.12.160/massspecdata
setting labnumber to 65834
setting aliquot to 1
setting step to F
setting uuid to a3bdb5a6-bfe0-4a29-9d70-9cf798eb71e2
setting irradpos to 65834
setting extract_device to NMGRL Furnace
setting tray to 
setting position to 5
setting power_requested to 745.0
setting extract_value to 745.0
setting duration to 1320.0
setting duration_at_request to 1320.0
setting first_stage_delay to 1320.0
setting cleanup to 30.0
setting comment to Step in extracton line all night also mass spec static
setting irradiation to NM-291
setting level to H
setting irradiation_level to H
setting sample to KW56
setting material to Muscovite
setting project to IR1001
setting mass_spectrometer to Felix
no attribute chron_dosages
no attribute production_ratios
no attribute interference_corrections
no attribute production_name
no attribute j
adding new session for Felix
Reference Isotope=Ar40
Reference Detector=H2
%%%%%%%%%%%%%%%%%%%% Comment: Step in extracton line all night also mass spec static %%%%%%%%%%%%%%%%%%%
adding isotope Ar40 H2
add baseline dbdet= Ar40. original det= H2
get baseline data Ar40 H2
Get data baseline <pychron.processing.isotope.Baseline object at 0x123397f10> len t=120
baseline Ar40. v=0.0595576448291, e=0.0083114704137
get signal data Ar40 H2
Get data signal Ar40 439.81+/-0.05 len t=400
adding isotope Ar39 H1
add baseline dbdet= Ar39. original det= H1
get baseline data Ar39 H1
Get data baseline <pychron.processing.isotope.Baseline object at 0x1233c03d0> len t=120
baseline Ar39. v=-0.0274072021898, e=0.0126197761622
get signal data Ar39 H1
Get data signal Ar39 16.212+/-0.025 len t=400
adding isotope Ar38 AX
add baseline dbdet= Ar38. original det= AX
get baseline data Ar38 AX
Get data baseline <pychron.processing.isotope.Baseline object at 0x1233c0590> len t=120
baseline Ar38. v=-0.115458278159, e=0.0101233275779
get signal data Ar38 AX
Get data signal Ar38 0.271+/-0.014 len t=400
adding isotope Ar37 L1
add baseline dbdet= Ar37. original det= L1
get baseline data Ar37 L1
Get data baseline <pychron.processing.isotope.Baseline object at 0x1233c0750> len t=120
baseline Ar37. v=-0.689222697605, e=0.0112353967939
get signal data Ar37 L1
Get data signal Ar37 0.029+/-0.011 len t=400
adding isotope Ar36 L2(CDD)
add baseline dbdet= Ar36. original det= L2(CDD)
get baseline data Ar36 L2(CDD)
Get data baseline <pychron.processing.isotope.Baseline object at 0x1233c0910> len t=120
baseline Ar36. v=0.0, e=0.0
get signal data Ar36 L2(CDD)
Get data signal Ar36 0.2735+/-0.0012 len t=400
65834-01F added analysis time 0.654469966888s
analysis added to mass spec database
mass spec save time= 0.667
persistence save - dvc
================= post measurement started
create new session 4716776432
close session 4716776432
add to repo msg=modified - felix_analysis400_120_no_save_center.py
add to repo msg=modified - felix_furnace.py
add to repo msg=modified - felix_pump_ms.py
add to repo msg=modified - felix_pump_extraction_line.py
---------------- Experiment Queue saving disabled
DVC saving peakcenter
Failed to find a valid peak. No peak greater than 1.0. max = 0.283038709811
Smart pull ahead: 0 behind: 0
Up-to-date with origin
add to repo msg=modified - 44c6f8761147de90179e8a3952e48831c78a9a46.json
add to repo msg=modified - 34-01F.json
add to repo msg=modified - 34-01F.dat.json
add to repo msg=modified - 34-01F.blan.json
add to repo msg=modified - 34-01F.inte.json
add to repo msg=modified - 34-01F.icfa.json
add to repo msg=modified - 34-01F.base.json
not at valid file /Users/obama/PychronDev/data/.dvc/repositories/IR1001/658/tags/34-01F.tags.json
add to repo msg=modified - 34-01F.peak.json
add to repo msg=modified - 34-01F.extr.json
not at valid file /Users/obama/PychronDev/data/.dvc/repositories/IR1001/658/monitor/34-01F.moni.json
commit message=<COLLECTION>
add to repo msg=modified - 34-01F.inte.json
add to repo msg=modified - 34-01F.base.json
commit message=<ISOEVO> default collection fits
add to repo msg=modified - 34-01F.blan.json
commit message=<BLANKS> preceding 
add to repo msg=modified - 34-01F.icfa.json
commit message=<ICFactor> default
push repository <pychron.git_archive.repo_manager.GitRepoManager object at 0x122717410>
pushing to remote=origin, url=https://github.com
Smart pull ahead: 0 behind: 0
Up-to-date with origin
no changes to meta repo
create new session 4716776432
add association IR1001
get identifier "65834"
setting analysis irradiation position=<pychron.dvc.dvc_orm.IrradiationPositionTbl object at 0x12613f1d0>
close session 4716776432
================= post measurement finished
08:41:57 -- ******* Post Run Check *******
loading queue conditionals post_run_actions
loading system conditionals post_run_actions
loading conditionals from /Users/obama/PychronDev/setupfiles/spectrometer/default_conditionals.yaml
loading queue conditionals post_run_terminations
loading system conditionals post_run_terminations
loading conditionals from /Users/obama/PychronDev/setupfiles/spectrometer/default_conditionals.yaml
Checking default post run terminations n=1
GetDeflection L2 (CDD) ===>> 0
testing L2_CDD_==3250
evaluate ot="L2(CDD).deflection==3250" t="L2_CDD_==3250", ctx="{'L2_CDD_': 0.0}"
08:41:57 -- ******* Post Run Check Passed *******
08:41:57 -- Automated run 65834-01F success duration: 715.262 s
----------------- finish -----------------
----------------- stop -----------------
retroactive repository identifiers disabled
finish run. runs completed=1
update duration runid=65834-01F, duration=715.261517048, md5=70a6ef23
loading script "felix_analysis400_120_no_save_center.py"
loading script "felix_pump_ms.py"
loading script "felix_furnace.py"
loading script "felix_pump_extraction_line.py"
testing...
no interpolation path defined
executed snippet estimated_duration=559.2304, duration=0.000384092330933
script duration name:analysis400_120_no_save_center seconds:559.0
loading script "felix_analysis400_120_no_save_center.py"
loading script "felix_pump_ms.py"
loading script "felix_furnace.py"
loading script "felix_pump_extraction_line.py"
testing...
no interpolation path defined
executed snippet estimated_duration=0, duration=4.91142272949e-05
loading script "felix_analysis400_120_no_save_center.py"
loading script "felix_pump_ms.py"
loading script "felix_furnace.py"
loading script "felix_pump_extraction_line.py"
testing...
no interpolation path defined
executed snippet estimated_duration=184.0, duration=0.000485897064209
script duration name:furnace seconds:184.0
loading script "felix_analysis400_120_no_save_center.py"
loading script "felix_pump_ms.py"
loading script "felix_furnace.py"
loading script "felix_pump_extraction_line.py"
testing...
no interpolation path defined
calculate duration
testing...
no interpolation path defined
executed snippet estimated_duration=4.0, duration=0.000771045684814
executed snippet estimated_duration=4.0, duration=0.00731420516968
Script duration 743.0
Run total estimated duration= 744.000
analysis400_120_no_save_center in script context. using previous estimated duration
script duration name:analysis400_120_no_save_center seconds:559.0
pump_ms in script context. using previous estimated duration
furnace in script context. using previous estimated duration
script duration name:furnace seconds:184.0
pump_extraction_line in script context. using previous estimated duration
Script duration 743.0
Run total estimated duration= 744.000
script duration name:analysis400_120_no_save_center seconds:559.0
script duration name:furnace seconds:184.0
Script duration 743.0
Run total estimated duration= 744.000
script duration name:analysis400_120_no_save_center seconds:559.0
script duration name:furnace seconds:184.0
Script duration 743.0
Run total estimated duration= 744.000
loading script "felix_analysis400_120_CDD_center.py"
loading script "felix_pump_ms.py"
loading script "felix_air_x2.py"
loading script "felix_pump_extraction_line.py"
testing...
no interpolation path defined
executed snippet estimated_duration=559.2304, duration=0.000319004058838
script duration name:analysis400_120_CDD_center seconds:559.0
loading script "felix_analysis400_120_CDD_center.py"
loading script "felix_pump_ms.py"
loading script "felix_air_x2.py"
loading script "felix_pump_extraction_line.py"
testing...
no interpolation path defined
calculate duration
testing...
no interpolation path defined
executed snippet estimated_duration=0, duration=8.29696655273e-05
calculate duration
testing...
no interpolation path defined
executed snippet estimated_duration=0, duration=0.000191926956177
calculate duration
testing...
no interpolation path defined
executed snippet estimated_duration=32.0, duration=0.000134944915771
calculate duration
testing...
no interpolation path defined
executed snippet estimated_duration=34.0, duration=0.000162839889526
calculate duration
testing...
no interpolation path defined
executed snippet estimated_duration=2.0, duration=0.000101089477539
calculate duration
testing...
no interpolation path defined
executed snippet estimated_duration=34.0, duration=0.000114917755127
calculate duration
testing...
no interpolation path defined
executed snippet estimated_duration=34.0, duration=0.000172853469849
calculate duration
testing...
no interpolation path defined
executed snippet estimated_duration=34.0, duration=0.00012993812561
executed snippet estimated_duration=174.0, duration=0.0224809646606
script duration name:air_x2 seconds:174.0
Script duration 733.0
Run total estimated duration= 734.000
script duration name:analysis400_120_no_save_center seconds:559.0
script duration name:furnace seconds:184.0
Script duration 743.0
Run total estimated duration= 744.000
script duration name:analysis400_120_no_save_center seconds:559.0
script duration name:furnace seconds:184.0
Script duration 743.0
Run total estimated duration= 744.000
script duration name:analysis400_120_no_save_center seconds:559.0
script duration name:furnace seconds:184.0
Script duration 743.0
Run total estimated duration= 744.000
script duration name:analysis400_120_no_save_center seconds:559.0
script duration name:furnace seconds:184.0
Script duration 743.0
Run total estimated duration= 744.000
script duration name:analysis400_120_no_save_center seconds:559.0
script duration name:furnace seconds:184.0
Script duration 743.0
Run total estimated duration= 744.000
script duration name:analysis400_120_no_save_center seconds:559.0
script duration name:furnace seconds:184.0
Script duration 743.0
Run total estimated duration= 744.000
script duration name:analysis400_120_no_save_center seconds:559.0
script duration name:furnace seconds:184.0
Script duration 743.0
Run total estimated duration= 744.000
script duration name:analysis400_120_no_save_center seconds:559.0
script duration name:furnace seconds:184.0
Script duration 743.0
Run total estimated duration= 744.000
script duration name:analysis400_120_no_save_center seconds:559.0
script duration name:furnace seconds:184.0
Script duration 743.0
Run total estimated duration= 744.000
script duration name:analysis400_120_no_save_center seconds:559.0
script duration name:furnace seconds:184.0
Script duration 743.0
Run total estimated duration= 744.000
analysis400_120_CDD_center in script context. using previous estimated duration
script duration name:analysis400_120_CDD_center seconds:559.0
air_x2 in script context. using previous estimated duration
script duration name:air_x2 seconds:174.0
Script duration 733.0
Run total estimated duration= 734.000
script duration name:analysis400_120_no_save_center seconds:559.0
script duration name:furnace seconds:184.0
Script duration 743.0
Run total estimated duration= 744.000
script duration name:analysis400_120_no_save_center seconds:559.0
script duration name:furnace seconds:184.0
Script duration 743.0
Run total estimated duration= 744.000
script duration name:analysis400_120_no_save_center seconds:559.0
script duration name:furnace seconds:184.0
Script duration 743.0
Run total estimated duration= 744.000
script duration name:analysis400_120_no_save_center seconds:559.0
script duration name:furnace seconds:184.0
Script duration 743.0
Run total estimated duration= 744.000
script duration name:analysis400_120_no_save_center seconds:559.0
script duration name:furnace seconds:184.0
Script duration 743.0
Run total estimated duration= 744.000
script duration name:analysis400_120_no_save_center seconds:559.0
script duration name:furnace seconds:184.0
Script duration 743.0
Run total estimated duration= 744.000
loading script "felix_analysis400_120 no center.py"
loading script "felix_pump_ms.py"
loading script "felix_air_x2.py"
loading script "felix_pump_extraction_line.py"
testing...
no interpolation path defined
executed snippet estimated_duration=559.2304, duration=0.000239133834839
script duration name:analysis400_120 no center seconds:559.0
script duration name:air_x2 seconds:174.0
Script duration 733.0
Run total estimated duration= 734.000
script duration name:analysis400_120_CDD_center seconds:559.0
script duration name:air_x2 seconds:174.0
Script duration 733.0
Run total estimated duration= 734.000
script duration name:analysis400_120_CDD_center seconds:559.0
script duration name:air_x2 seconds:174.0
Script duration 733.0
Run total estimated duration= 734.000
analysis400_120 no center in script context. using previous estimated duration
script duration name:analysis400_120 no center seconds:559.0
loading script "felix_analysis400_120 no center.py"
loading script "felix_pump_ms.py"
loading script "felix_cocktail_x3.py"
loading script "felix_pump_extraction_line.py"
testing...
no interpolation path defined
calculate duration
testing...
no interpolation path defined
executed snippet estimated_duration=0, duration=0.00109696388245
calculate duration
testing...
no interpolation path defined
executed snippet estimated_duration=0, duration=0.000198841094971
calculate duration
testing...
no interpolation path defined
executed snippet estimated_duration=32.0, duration=0.000189065933228
calculate duration
testing...
no interpolation path defined
executed snippet estimated_duration=34.0, duration=0.000184059143066
calculate duration
testing...
no interpolation path defined
executed snippet estimated_duration=2.0, duration=0.000118970870972
calculate duration
testing...
no interpolation path defined
executed snippet estimated_duration=34.0, duration=0.000150203704834
calculate duration
testing...
no interpolation path defined
executed snippet estimated_duration=34.0, duration=0.000194072723389
calculate duration
testing...
no interpolation path defined
executed snippet estimated_duration=34.0, duration=0.000136852264404
calculate duration
testing...
no interpolation path defined
executed snippet estimated_duration=34.0, duration=0.000180006027222
calculate duration
testing...
no interpolation path defined
executed snippet estimated_duration=34.0, duration=0.000185012817383
executed snippet estimated_duration=244.0, duration=0.0412588119507
script duration name:cocktail_x3 seconds:244.0
Script duration 803.0
Run total estimated duration= 804.000
script duration name:analysis400_120_no_save_center seconds:559.0
cocktail_x3 in script context. using previous estimated duration
script duration name:cocktail_x3 seconds:244.0
Script duration 803.0
Run total estimated duration= 804.000
script duration name:analysis400_120 no center seconds:559.0
script duration name:furnace seconds:184.0
Script duration 743.0
Run total estimated duration= 744.000
script duration name:analysis400_120 no center seconds:559.0
script duration name:furnace seconds:184.0
Script duration 743.0
Run total estimated duration= 744.000
script duration name:analysis400_120 no center seconds:559.0
script duration name:furnace seconds:184.0
Script duration 743.0
Run total estimated duration= 744.000
script duration name:analysis400_120 no center seconds:559.0
script duration name:furnace seconds:184.0
Script duration 743.0
Run total estimated duration= 744.000
script duration name:analysis400_120 no center seconds:559.0
script duration name:furnace seconds:184.0
Script duration 743.0
Run total estimated duration= 744.000
script duration name:analysis400_120 no center seconds:559.0
script duration name:furnace seconds:184.0
Script duration 743.0
Run total estimated duration= 744.000
script duration name:analysis400_120 no center seconds:559.0
script duration name:furnace seconds:184.0
Script duration 743.0
Run total estimated duration= 744.000
script duration name:analysis400_120 no center seconds:559.0
script duration name:furnace seconds:184.0
Script duration 743.0
Run total estimated duration= 744.000
script duration name:analysis400_120 no center seconds:559.0
script duration name:furnace seconds:184.0
Script duration 743.0
Run total estimated duration= 744.000
script duration name:analysis400_120 no center seconds:559.0
script duration name:furnace seconds:184.0
Script duration 743.0
Run total estimated duration= 744.000
script duration name:analysis400_120 no center seconds:559.0
script duration name:furnace seconds:184.0
Script duration 743.0
Run total estimated duration= 744.000
script duration name:analysis400_120 no center seconds:559.0
script duration name:furnace seconds:184.0
Script duration 743.0
Run total estimated duration= 744.000
script duration name:analysis400_120 no center seconds:559.0
script duration name:furnace seconds:184.0
Script duration 743.0
Run total estimated duration= 744.000
script duration name:analysis400_120 no center seconds:559.0
script duration name:furnace seconds:184.0
Script duration 743.0
Run total estimated duration= 744.000
script duration name:analysis400_120 no center seconds:559.0
script duration name:furnace seconds:184.0
Script duration 743.0
Run total estimated duration= 744.000
script duration name:analysis400_120 no center seconds:559.0
script duration name:furnace seconds:184.0
Script duration 743.0
Run total estimated duration= 744.000
script duration name:analysis400_120 no center seconds:559.0
script duration name:furnace seconds:184.0
Script duration 743.0
Run total estimated duration= 744.000
script duration name:analysis400_120 no center seconds:559.0
script duration name:furnace seconds:184.0
Script duration 743.0
Run total estimated duration= 744.000
script duration name:analysis400_120 no center seconds:559.0
script duration name:furnace seconds:184.0
Script duration 743.0
Run total estimated duration= 744.000
script duration name:analysis400_120 no center seconds:559.0
script duration name:furnace seconds:184.0
Script duration 743.0
Run total estimated duration= 744.000
script duration name:analysis400_120 no center seconds:559.0
script duration name:furnace seconds:184.0
Script duration 743.0
Run total estimated duration= 744.000
script duration name:analysis400_120 no center seconds:559.0
script duration name:furnace seconds:184.0
Script duration 743.0
Run total estimated duration= 744.000
script duration name:analysis400_120 no center seconds:559.0
script duration name:furnace seconds:184.0
Script duration 743.0
Run total estimated duration= 744.000
script duration name:analysis400_120 no center seconds:559.0
script duration name:furnace seconds:184.0
Script duration 743.0
Run total estimated duration= 744.000
script duration name:analysis400_120 no center seconds:559.0
script duration name:furnace seconds:184.0
Script duration 743.0
Run total estimated duration= 744.000
script duration name:analysis400_120 no center seconds:559.0
script duration name:furnace seconds:184.0
Script duration 743.0
Run total estimated duration= 744.000
script duration name:analysis400_120 no center seconds:559.0
script duration name:furnace seconds:184.0
Script duration 743.0
Run total estimated duration= 744.000
script duration name:analysis400_120 no center seconds:559.0
script duration name:furnace seconds:184.0
Script duration 743.0
Run total estimated duration= 744.000
script duration name:analysis400_120 no center seconds:559.0
script duration name:furnace seconds:184.0
Script duration 743.0
Run total estimated duration= 744.000
script duration name:analysis400_120 no center seconds:559.0
script duration name:furnace seconds:184.0
Script duration 743.0
Run total estimated duration= 744.000
script duration name:analysis400_120 no center seconds:559.0
script duration name:furnace seconds:184.0
Script duration 743.0
Run total estimated duration= 744.000
script duration name:analysis400_120 no center seconds:559.0
script duration name:furnace seconds:184.0
Script duration 743.0
Run total estimated duration= 744.000
script duration name:analysis400_120 no center seconds:559.0
script duration name:furnace seconds:184.0
Script duration 743.0
Run total estimated duration= 744.000
script duration name:analysis400_120 no center seconds:559.0
script duration name:furnace seconds:184.0
Script duration 743.0
Run total estimated duration= 744.000
script duration name:analysis400_120 no center seconds:559.0
script duration name:furnace seconds:184.0
Script duration 743.0
Run total estimated duration= 744.000
script duration name:analysis400_120 no center seconds:559.0
script duration name:furnace seconds:184.0
Script duration 743.0
Run total estimated duration= 744.000
script duration name:analysis400_120 no center seconds:559.0
script duration name:air_x2 seconds:174.0
Script duration 733.0
Run total estimated duration= 734.000
script duration name:analysis400_120_CDD_center seconds:559.0
script duration name:air_x2 seconds:174.0
Script duration 733.0
Run total estimated duration= 734.000
script duration name:analysis400_120_CDD_center seconds:559.0
script duration name:air_x2 seconds:174.0
Script duration 733.0
Run total estimated duration= 734.000
script duration name:analysis400_120 no center seconds:559.0
script duration name:cocktail_x3 seconds:244.0
Script duration 803.0
Run total estimated duration= 804.000
script duration name:analysis400_120_no_save_center seconds:559.0
script duration name:cocktail_x3 seconds:244.0
Script duration 803.0
Run total estimated duration= 804.000
script duration name:analysis400_120 no center seconds:559.0
script duration name:furnace seconds:184.0
Script duration 743.0
Run total estimated duration= 744.000
script duration name:analysis400_120_no_save_center seconds:559.0
script duration name:furnace seconds:184.0
Script duration 743.0
Run total estimated duration= 744.000
script duration name:analysis400_120_no_save_center seconds:559.0
script duration name:furnace seconds:184.0
Script duration 743.0
Run total estimated duration= 744.000
script duration name:analysis400_120_no_save_center seconds:559.0
script duration name:furnace seconds:184.0
Script duration 743.0
Run total estimated duration= 744.000
script duration name:analysis400_120_no_save_center seconds:559.0
script duration name:furnace seconds:184.0
Script duration 743.0
Run total estimated duration= 744.000
script duration name:analysis400_120_no_save_center seconds:559.0
script duration name:furnace seconds:184.0
Script duration 743.0
Run total estimated duration= 744.000
script duration name:analysis400_120_no_save_center seconds:559.0
script duration name:furnace seconds:184.0
Script duration 743.0
Run total estimated duration= 744.000
script duration name:analysis400_120_no_save_center seconds:559.0
script duration name:furnace seconds:184.0
Script duration 743.0
Run total estimated duration= 744.000
script duration name:analysis400_120_no_save_center seconds:559.0
script duration name:furnace seconds:184.0
Script duration 743.0
Run total estimated duration= 744.000
script duration name:analysis400_120_no_save_center seconds:559.0
script duration name:furnace seconds:184.0
Script duration 743.0
Run total estimated duration= 744.000
script duration name:analysis400_120_no_save_center seconds:559.0
script duration name:furnace seconds:184.0
Script duration 743.0
Run total estimated duration= 744.000
script duration name:analysis400_120_no_save_center seconds:559.0
script duration name:furnace seconds:184.0
Script duration 743.0
Run total estimated duration= 744.000
script duration name:analysis400_120_no_save_center seconds:559.0
script duration name:furnace seconds:184.0
Script duration 743.0
Run total estimated duration= 744.000
script duration name:analysis400_120_no_save_center seconds:559.0
script duration name:furnace seconds:184.0
Script duration 743.0
Run total estimated duration= 744.000
script duration name:analysis400_120_no_save_center seconds:559.0
script duration name:furnace seconds:184.0
Script duration 743.0
Run total estimated duration= 744.000
script duration name:analysis400_120_no_save_center seconds:559.0
script duration name:furnace seconds:184.0
Script duration 743.0
Run total estimated duration= 744.000
script duration name:analysis400_120_no_save_center seconds:559.0
script duration name:furnace seconds:184.0
Script duration 743.0
Run total estimated duration= 744.000
script duration name:analysis400_120_no_save_center seconds:559.0
script duration name:furnace seconds:184.0
Script duration 743.0
Run total estimated duration= 744.000
script duration name:analysis400_120_no_save_center seconds:559.0
script duration name:furnace seconds:184.0
Script duration 743.0
Run total estimated duration= 744.000
script duration name:analysis400_120_no_save_center seconds:559.0
script duration name:furnace seconds:184.0
Script duration 743.0
Run total estimated duration= 744.000
script duration name:analysis400_120_no_save_center seconds:559.0
script duration name:furnace seconds:184.0
Script duration 743.0
Run total estimated duration= 744.000
script duration name:analysis400_120_no_save_center seconds:559.0
script duration name:furnace seconds:184.0
Script duration 743.0
Run total estimated duration= 744.000
script duration name:analysis400_120_no_save_center seconds:559.0
script duration name:furnace seconds:184.0
Script duration 743.0
Run total estimated duration= 744.000
script duration name:analysis400_120_no_save_center seconds:559.0
script duration name:furnace seconds:184.0
Script duration 743.0
Run total estimated duration= 744.000
script duration name:analysis400_120_no_save_center seconds:559.0
script duration name:furnace seconds:184.0
Script duration 743.0
Run total estimated duration= 744.000
script duration name:analysis400_120_no_save_center seconds:559.0
script duration name:furnace seconds:184.0
Script duration 743.0
Run total estimated duration= 744.000
script duration name:analysis400_120_no_save_center seconds:559.0
script duration name:furnace seconds:184.0
Script duration 743.0
Run total estimated duration= 744.000
script duration name:analysis400_120_no_save_center seconds:559.0
script duration name:furnace seconds:184.0
Script duration 743.0
Run total estimated duration= 744.000
script duration name:analysis400_120_no_save_center seconds:559.0
script duration name:furnace seconds:184.0
Script duration 743.0
Run total estimated duration= 744.000
script duration name:analysis400_120_no_save_center seconds:559.0
script duration name:furnace seconds:184.0
Script duration 743.0
Run total estimated duration= 744.000
script duration name:analysis400_120_no_save_center seconds:559.0
script duration name:furnace seconds:184.0
Script duration 743.0
Run total estimated duration= 744.000
script duration name:analysis400_120_no_save_center seconds:559.0
script duration name:furnace seconds:184.0
Script duration 743.0
Run total estimated duration= 744.000
script duration name:analysis400_120_no_save_center seconds:559.0
script duration name:furnace seconds:184.0
Script duration 743.0
Run total estimated duration= 744.000
script duration name:analysis400_120_no_save_center seconds:559.0
script duration name:furnace seconds:184.0
Script duration 743.0
Run total estimated duration= 744.000
script duration name:analysis400_120_no_save_center seconds:559.0
script duration name:furnace seconds:184.0
Script duration 743.0
Run total estimated duration= 744.000
script duration name:analysis400_120_no_save_center seconds:559.0
script duration name:furnace seconds:184.0
Script duration 743.0
Run total estimated duration= 744.000
script duration name:analysis400_120 no center seconds:559.0
script duration name:air_x2 seconds:174.0
Script duration 733.0
Run total estimated duration= 734.000
script duration name:analysis400_120_CDD_center seconds:559.0
script duration name:air_x2 seconds:174.0
Script duration 733.0
Run total estimated duration= 734.000
script duration name:analysis400_120_CDD_center seconds:559.0
script duration name:air_x2 seconds:174.0
Script duration 733.0
Run total estimated duration= 734.000
script duration name:analysis400_120 no center seconds:559.0
script duration name:cocktail_x3 seconds:244.0
Script duration 803.0
Run total estimated duration= 804.000
script duration name:analysis400_120_no_save_center seconds:559.0
script duration name:cocktail_x3 seconds:244.0
Script duration 803.0
Run total estimated duration= 804.000
script duration name:analysis400_120 no center seconds:559.0
script duration name:furnace seconds:184.0
Script duration 743.0
Run total estimated duration= 744.000
script duration name:analysis400_120_no_save_center seconds:559.0
script duration name:furnace seconds:184.0
Script duration 743.0
Run total estimated duration= 744.000
script duration name:analysis400_120_no_save_center seconds:559.0
script duration name:furnace seconds:184.0
Script duration 743.0
Run total estimated duration= 744.000
script duration name:analysis400_120_no_save_center seconds:559.0
script duration name:furnace seconds:184.0
Script duration 743.0
Run total estimated duration= 744.000
script duration name:analysis400_120_no_save_center seconds:559.0
script duration name:furnace seconds:184.0
Script duration 743.0
Run total estimated duration= 744.000
script duration name:analysis400_120_no_save_center seconds:559.0
script duration name:furnace seconds:184.0
Script duration 743.0
Run total estimated duration= 744.000
script duration name:analysis400_120_no_save_center seconds:559.0
script duration name:furnace seconds:184.0
Script duration 743.0
Run total estimated duration= 744.000
script duration name:analysis400_120_no_save_center seconds:559.0
script duration name:furnace seconds:184.0
Script duration 743.0
Run total estimated duration= 744.000
script duration name:analysis400_120_no_save_center seconds:559.0
script duration name:furnace seconds:184.0
Script duration 743.0
Run total estimated duration= 744.000
script duration name:analysis400_120_no_save_center seconds:559.0
script duration name:furnace seconds:184.0
Script duration 743.0
Run total estimated duration= 744.000
script duration name:analysis400_120_no_save_center seconds:559.0
script duration name:furnace seconds:184.0
Script duration 743.0
Run total estimated duration= 744.000
script duration name:analysis400_120_no_save_center seconds:559.0
script duration name:furnace seconds:184.0
Script duration 743.0
Run total estimated duration= 744.000
script duration name:analysis400_120_no_save_center seconds:559.0
script duration name:furnace seconds:184.0
Script duration 743.0
Run total estimated duration= 744.000
script duration name:analysis400_120_no_save_center seconds:559.0
script duration name:furnace seconds:184.0
Script duration 743.0
Run total estimated duration= 744.000
script duration name:analysis400_120_no_save_center seconds:559.0
script duration name:furnace seconds:184.0
Script duration 743.0
Run total estimated duration= 744.000
script duration name:analysis400_120_no_save_center seconds:559.0
script duration name:furnace seconds:184.0
Script duration 743.0
Run total estimated duration= 744.000
script duration name:analysis400_120_no_save_center seconds:559.0
script duration name:furnace seconds:184.0
Script duration 743.0
Run total estimated duration= 744.000
script duration name:analysis400_120_no_save_center seconds:559.0
script duration name:furnace seconds:184.0
Script duration 743.0
Run total estimated duration= 744.000
script duration name:analysis400_120_no_save_center seconds:559.0
script duration name:furnace seconds:184.0
Script duration 743.0
Run total estimated duration= 744.000
script duration name:analysis400_120_no_save_center seconds:559.0
script duration name:furnace seconds:184.0
Script duration 743.0
Run total estimated duration= 744.000
script duration name:analysis400_120_no_save_center seconds:559.0
script duration name:furnace seconds:184.0
Script duration 743.0
Run total estimated duration= 744.000
script duration name:analysis400_120_no_save_center seconds:559.0
script duration name:furnace seconds:184.0
Script duration 743.0
Run total estimated duration= 744.000
script duration name:analysis400_120_no_save_center seconds:559.0
script duration name:furnace seconds:184.0
Script duration 743.0
Run total estimated duration= 744.000
script duration name:analysis400_120_no_save_center seconds:559.0
script duration name:furnace seconds:184.0
Script duration 743.0
Run total estimated duration= 744.000
script duration name:analysis400_120_no_save_center seconds:559.0
script duration name:furnace seconds:184.0
Script duration 743.0
Run total estimated duration= 744.000
script duration name:analysis400_120_no_save_center seconds:559.0
script duration name:furnace seconds:184.0
Script duration 743.0
Run total estimated duration= 744.000
script duration name:analysis400_120_no_save_center seconds:559.0
script duration name:furnace seconds:184.0
Script duration 743.0
Run total estimated duration= 744.000
script duration name:analysis400_120_no_save_center seconds:559.0
script duration name:furnace seconds:184.0
Script duration 743.0
Run total estimated duration= 744.000
script duration name:analysis400_120_no_save_center seconds:559.0
script duration name:furnace seconds:184.0
Script duration 743.0
Run total estimated duration= 744.000
script duration name:analysis400_120_no_save_center seconds:559.0
script duration name:furnace seconds:184.0
Script duration 743.0
Run total estimated duration= 744.000
script duration name:analysis400_120_no_save_center seconds:559.0
script duration name:furnace seconds:184.0
Script duration 743.0
Run total estimated duration= 744.000
script duration name:analysis400_120_no_save_center seconds:559.0
script duration name:furnace seconds:184.0
Script duration 743.0
Run total estimated duration= 744.000
script duration name:analysis400_120_no_save_center seconds:559.0
script duration name:furnace seconds:184.0
Script duration 743.0
Run total estimated duration= 744.000
script duration name:analysis400_120_no_save_center seconds:559.0
script duration name:furnace seconds:184.0
Script duration 743.0
Run total estimated duration= 744.000
script duration name:analysis400_120_no_save_center seconds:559.0
script duration name:furnace seconds:184.0
Script duration 743.0
Run total estimated duration= 744.000
script duration name:analysis400_120_no_save_center seconds:559.0
script duration name:furnace seconds:184.0
Script duration 743.0
Run total estimated duration= 744.000
script duration name:analysis400_120 no center seconds:559.0
script duration name:air_x2 seconds:174.0
Script duration 733.0
Run total estimated duration= 734.000
script duration name:analysis400_120_CDD_center seconds:559.0
script duration name:air_x2 seconds:174.0
Script duration 733.0
Run total estimated duration= 734.000
script duration name:analysis400_120_CDD_center seconds:559.0
script duration name:air_x2 seconds:174.0
Script duration 733.0
Run total estimated duration= 734.000
script duration name:analysis400_120 no center seconds:559.0
script duration name:cocktail_x3 seconds:244.0
Script duration 803.0
Run total estimated duration= 804.000
script duration name:analysis400_120_no_save_center seconds:559.0
script duration name:cocktail_x3 seconds:244.0
Script duration 803.0
Run total estimated duration= 804.000
script duration name:analysis400_120 no center seconds:559.0
script duration name:furnace seconds:184.0
Script duration 743.0
Run total estimated duration= 744.000
nruns=151 before=5.0, run_dur=112684.0, btw=750.0
write rem/ex queues
/Users/obama/PychronDev/experiments/rem/Furnace_Sept_12_2017.rem.txt
/Users/obama/PychronDev/experiments/rem/Furnace_Sept_12_2017.ex.txt
doing event level: 3
add run
